date: "2014-07-24 13:52:48.012"
argv: node /home/michieljoris/bin/hexo generate
os: Linux 3.11.0-12-generic linux x64
versions:
  http_parser: "1.0"
  node: 0.10.28
  v8: 3.14.5.9
  ares: 1.9.0-DEV
  uv: 0.10.27
  zlib: 1.2.3
  modules: "11"
  openssl: 1.0.1g
  hexo: 2.8.1
---
[debug] 13:52:47.637 Config file loaded from /media/michieljoris/d5099508-7d17-4aea-ac80-ac38100b9447/home/michieljoris/www/sites/hexo-blog/_config.yml[debug] 13:52:47.640 Version info checked successfully[debug] 13:52:47.666 Loading database.[debug] 13:52:47.717 Processed: draft.md (2ms)[debug] 13:52:47.717 Processed: page.md (2ms)[debug] 13:52:47.718 Processed: photo.md (2ms)[debug] 13:52:47.718 Processed: post.md (2ms)[debug] 13:52:47.744 Plugin loaded successfully: hexo-renderer-ejs[debug] 13:52:47.765 Plugin loaded successfully: hexo-renderer-marked[debug] 13:52:47.937 Plugin loaded successfully: hexo-renderer-stylus[debug] 13:52:47.973 Processed: Projects2/index.md (2ms)[debug] 13:52:47.977 Processed: _posts/Meteor,-docs-and-attached-files.md (4ms)[debug] 13:52:47.978 Processed: _posts/about-this-site.md (1ms)[debug] 13:52:47.978 Processed: _posts/my-webstack.md (0ms)[debug] 13:52:47.979 Processed: about/index.md (1ms)[debug] 13:52:47.979 Processed: images/firstdoor.jpg (0ms)[debug] 13:52:47.980 Processed: images/green_glass_terrariums.jpg (1ms)[debug] 13:52:47.980 Processed: images/julangart.jpg (0ms)[debug] 13:52:47.980 Processed: images/mamre.jpg (0ms)[debug] 13:52:47.980 Processed: images/ptw.jpg (0ms)[debug] 13:52:47.981 Processed: projects/index.md (0ms)[debug] 13:52:47.981 Processed: websites/index.md (0ms)[debug] 13:52:47.981 Processed: downloads/code/test.js (0ms)[debug] 13:52:47.987 Processed: source/fancybox/blank.gif (0ms)[debug] 13:52:47.987 Processed: source/fancybox/fancybox_loading.gif (0ms)[debug] 13:52:47.988 Processed: source/fancybox/fancybox_loading@2x.gif (1ms)[debug] 13:52:47.988 Processed: source/fancybox/fancybox_overlay.png (0ms)[debug] 13:52:47.988 Processed: source/fancybox/fancybox_sprite.png (0ms)[debug] 13:52:47.988 Processed: source/fancybox/fancybox_sprite@2x.png (0ms)[debug] 13:52:47.988 Processed: source/fancybox/jquery.fancybox.css (0ms)[debug] 13:52:47.989 Processed: source/fancybox/jquery.fancybox.pack.js (1ms)[debug] 13:52:47.989 Processed: source/js/gallery.js (0ms)[debug] 13:52:47.989 Processed: source/js/jquery.imagesloaded.min.js (0ms)[debug] 13:52:47.989 Processed: source/css/style.styl (0ms)[debug] 13:52:47.989 Processed: source/css/_base/layout.styl (0ms)[debug] 13:52:47.989 Processed: source/css/_base/utils.styl (0ms)[debug] 13:52:47.989 Processed: source/css/_base/variable.styl (0ms)[debug] 13:52:47.989 Processed: source/css/_partial/archive.styl (0ms)[debug] 13:52:47.989 Processed: source/css/_partial/article.styl (0ms)[debug] 13:52:47.990 Processed: source/css/_partial/comment.styl (1ms)[debug] 13:52:47.990 Processed: source/css/_partial/footer.styl (0ms)[debug] 13:52:47.990 Processed: source/css/_partial/header.styl (0ms)[debug] 13:52:47.990 Processed: source/css/_partial/index.styl (0ms)[debug] 13:52:47.991 Processed: source/css/_partial/sidebar.styl (1ms)[debug] 13:52:47.991 Processed: source/css/_partial/syntax.styl (0ms)[debug] 13:52:47.991 Processed: source/css/font/fontawesome-webfont.eot (0ms)[debug] 13:52:47.991 Processed: source/css/font/fontawesome-webfont.svg (0ms)[debug] 13:52:47.991 Processed: source/css/font/fontawesome-webfont.ttf (0ms)[debug] 13:52:47.991 Processed: source/css/font/fontawesome-webfont.woff (0ms)[debug] 13:52:47.994 Processed: layout/archive.ejs (11ms)[debug] 13:52:47.994 Processed: layout/category.ejs (11ms)[debug] 13:52:47.994 Processed: layout/index.ejs (11ms)[debug] 13:52:47.994 Processed: layout/layout.ejs (11ms)[debug] 13:52:47.994 Processed: layout/page.ejs (11ms)[debug] 13:52:47.994 Processed: layout/post.ejs (11ms)[debug] 13:52:47.994 Processed: layout/tag.ejs (10ms)[debug] 13:52:47.994 Processed: layout/_widget/category.ejs (10ms)[debug] 13:52:47.994 Processed: layout/_widget/recent_posts.ejs (10ms)[debug] 13:52:47.994 Processed: layout/_widget/search.ejs (10ms)[debug] 13:52:47.994 Processed: layout/_widget/tag.ejs (9ms)[debug] 13:52:47.995 Processed: layout/_widget/tagcloud.ejs (10ms)[debug] 13:52:47.995 Processed: layout/_partial/after_footer.ejs (10ms)[debug] 13:52:47.995 Processed: layout/_partial/archive.ejs (10ms)[debug] 13:52:47.995 Processed: layout/_partial/article.ejs (10ms)[debug] 13:52:47.995 Processed: layout/_partial/comment.ejs (10ms)[debug] 13:52:47.995 Processed: layout/_partial/facebook_comment.ejs (10ms)[debug] 13:52:47.995 Processed: layout/_partial/footer.ejs (9ms)[debug] 13:52:47.995 Processed: layout/_partial/google_analytics.ejs (9ms)[debug] 13:52:47.995 Processed: layout/_partial/head.ejs (9ms)[debug] 13:52:47.995 Processed: layout/_partial/header.ejs (9ms)[debug] 13:52:47.995 Processed: layout/_partial/pagination.ejs (9ms)[debug] 13:52:47.995 Processed: layout/_partial/sidebar.ejs (9ms)[debug] 13:52:47.995 Processed: layout/_partial/post/category.ejs (9ms)[debug] 13:52:47.995 Processed: layout/_partial/post/gallery.ejs (9ms)[debug] 13:52:47.995 Processed: layout/_partial/post/share.ejs (9ms)[debug] 13:52:47.995 Processed: layout/_partial/post/tag.ejs (8ms)[debug] 13:52:47.995 Processed: layout/_partial/post/title.ejs (8ms)[debug] 13:52:47.997 Theme config loaded[debug] 13:52:47.997 Processed: _config.yml (15ms)[error] 13:52:47.999 { name: 'HexoError',
  reason: 'incomplete explicit mapping pair; a key node is missed',
  mark: 
   { name: null,
     buffer: 'categories: Kategorien\nsearch: Suche\ntags: Tags\ntagcloud: Tag-Cloud\ntweets: Tweets\nprev: Vorherige Seite\nnext: Nächste Seite\ncomment: Kommentare\narchive_a: Archiv\narchive_b: Archiv: %s\npage: Seite %d\nrecent_posts: Neueste Artikel\n\u0000',
     position: 180,
     line: 9,
     column: 17 },
  message: 'Process failed: languages/de.yml',
  domain: 
   { domain: null,
     _events: { error: [Function] },
     _maxListeners: 10,
     members: [ [Object] ] },
  domainThrown: true,
  stack: undefined }[debug] 13:52:48.012 Processed: languages/zh-CN.yml (29ms)[debug] 13:52:48.013 Processed: languages/zh-TW.yml (30ms)